28-Oct-2025 20:26:08.570 INFO [main] org.apache.catalina.core.ApplicationContext.log ContextListener: contextInitialized()
28-Oct-2025 20:26:08.572 INFO [main] org.apache.catalina.core.ApplicationContext.log SessionListener: contextInitialized()
28-Oct-2025 20:26:08.574 INFO [main] org.apache.catalina.core.ApplicationContext.log ContextListener: attributeAdded('StockTicker', 'async.Stockticker@6b5176f2')
28-Oct-2025 20:29:33.975 INFO [main] org.apache.catalina.core.ApplicationContext.log ContextListener: contextInitialized()
28-Oct-2025 20:29:33.975 INFO [main] org.apache.catalina.core.ApplicationContext.log SessionListener: contextInitialized()
28-Oct-2025 20:29:33.978 INFO [main] org.apache.catalina.core.ApplicationContext.log ContextListener: attributeAdded('StockTicker', 'async.Stockticker@4cc76301')
28-Oct-2025 20:29:34.033 INFO [main] org.apache.catalina.core.ApplicationContext.log SessionListener: contextDestroyed()
28-Oct-2025 20:29:34.033 INFO [main] org.apache.catalina.core.ApplicationContext.log ContextListener: contextDestroyed()
28-Oct-2025 20:32:54.764 INFO [main] org.apache.catalina.core.ApplicationContext.log ContextListener: contextInitialized()
28-Oct-2025 20:32:54.764 INFO [main] org.apache.catalina.core.ApplicationContext.log SessionListener: contextInitialized()
28-Oct-2025 20:32:54.766 INFO [main] org.apache.catalina.core.ApplicationContext.log ContextListener: attributeAdded('StockTicker', 'async.Stockticker@5dcbb60')
28-Oct-2025 20:32:54.798 INFO [main] org.apache.catalina.core.ApplicationContext.log SessionListener: contextDestroyed()
28-Oct-2025 20:32:54.798 INFO [main] org.apache.catalina.core.ApplicationContext.log ContextListener: contextDestroyed()
28-Oct-2025 20:34:44.344 INFO [main] org.apache.catalina.core.ApplicationContext.log ContextListener: contextInitialized()
28-Oct-2025 20:34:44.344 INFO [main] org.apache.catalina.core.ApplicationContext.log SessionListener: contextInitialized()
28-Oct-2025 20:34:44.347 INFO [main] org.apache.catalina.core.ApplicationContext.log ContextListener: attributeAdded('StockTicker', 'async.Stockticker@c65a5ef')
28-Oct-2025 20:34:44.377 INFO [main] org.apache.catalina.core.ApplicationContext.log SessionListener: contextDestroyed()
28-Oct-2025 20:34:44.377 INFO [main] org.apache.catalina.core.ApplicationContext.log ContextListener: contextDestroyed()
28-Oct-2025 20:35:12.784 INFO [main] org.apache.catalina.core.ApplicationContext.log ContextListener: contextInitialized()
28-Oct-2025 20:35:12.786 INFO [main] org.apache.catalina.core.ApplicationContext.log SessionListener: contextInitialized()
28-Oct-2025 20:35:12.788 INFO [main] org.apache.catalina.core.ApplicationContext.log ContextListener: attributeAdded('StockTicker', 'async.Stockticker@49f5c307')
28-Oct-2025 20:35:12.827 INFO [main] org.apache.catalina.core.ApplicationContext.log SessionListener: contextDestroyed()
28-Oct-2025 20:35:12.827 INFO [main] org.apache.catalina.core.ApplicationContext.log ContextListener: contextDestroyed()
